0 info it worked if it ends with ok
1 verbose cli [ 'node',
1 verbose cli   'C:\\Users\\sander.ESO\\AppData\\Roaming\\npm\\node_modules\\npm\\bin\\npm-cli.js',
1 verbose cli   'run',
1 verbose cli   'json' ]
2 info using npm@2.14.9
3 info using node@v0.12.7
4 verbose stack Error: missing script: json
4 verbose stack     at run (C:\Users\sander.ESO\AppData\Roaming\npm\node_modules\npm\lib\run-script.js:142:19)
4 verbose stack     at C:\Users\sander.ESO\AppData\Roaming\npm\node_modules\npm\lib\run-script.js:58:5
4 verbose stack     at C:\Users\sander.ESO\AppData\Roaming\npm\node_modules\npm\node_modules\read-package-json\read-json.js:345:5
4 verbose stack     at checkBinReferences_ (C:\Users\sander.ESO\AppData\Roaming\npm\node_modules\npm\node_modules\read-package-json\read-json.js:309:45)
4 verbose stack     at final (C:\Users\sander.ESO\AppData\Roaming\npm\node_modules\npm\node_modules\read-package-json\read-json.js:343:3)
4 verbose stack     at then (C:\Users\sander.ESO\AppData\Roaming\npm\node_modules\npm\node_modules\read-package-json\read-json.js:113:5)
4 verbose stack     at C:\Users\sander.ESO\AppData\Roaming\npm\node_modules\npm\node_modules\read-package-json\read-json.js:300:12
4 verbose stack     at C:\Users\sander.ESO\AppData\Roaming\npm\node_modules\npm\node_modules\graceful-fs\graceful-fs.js:76:16
4 verbose stack     at fs.js:334:14
4 verbose stack     at C:\Users\sander.ESO\AppData\Roaming\npm\node_modules\npm\node_modules\graceful-fs\graceful-fs.js:42:10
5 verbose cwd D:\temp\aanwezig
6 error Windows_NT 6.3.9600
7 error argv "node" "C:\\Users\\sander.ESO\\AppData\\Roaming\\npm\\node_modules\\npm\\bin\\npm-cli.js" "run" "json"
8 error node v0.12.7
9 error npm  v2.14.9
10 error missing script: json
11 error If you need help, you may report this error at:
11 error     <https://github.com/npm/npm/issues>
12 verbose exit [ 1, true ]
